<?xml version="1.0" encoding="UTF-8"?>
<!-- Generated by org.testng.reporters.JUnitXMLReporter -->
<testsuite hostname="DESKTOP-PPK0HC0" ignored="1" name="Test1" tests="2" failures="2" timestamp="18 Jun 2018 13:47:27 GMT" time="72.629" errors="0">
  <testcase name="CreateLeaveRequestTestOne" time="60.454" classname="com.thamesWater.fiori.CreateLeaveRequest">
    <failure type="java.lang.AssertionError" message="expected [true] but found [false]">
      <![CDATA[java.lang.AssertionError: expected [true] but found [false]
	at com.thamesWater.fiori.CreateLeaveRequest.CreateLeaveRequestTestOne(CreateLeaveRequest.java:112)
	at java.util.concurrent.ThreadPoolExecutor.runWorker(ThreadPoolExecutor.java:1142)
	at java.util.concurrent.ThreadPoolExecutor$Worker.run(ThreadPoolExecutor.java:617)
	at java.lang.Thread.run(Thread.java:748)
... Removed 14 stack frames]]>
    </failure>
  </testcase> <!-- CreateLeaveRequestTestOne -->
  <testcase name="CreateLeaveRequestTestTwo" time="60.875" classname="com.thamesWater.fiori.CreateLeaveRequest2">
    <failure type="java.lang.AssertionError" message="expected [true] but found [false]">
      <![CDATA[java.lang.AssertionError: expected [true] but found [false]
	at com.thamesWater.fiori.CreateLeaveRequest2.CreateLeaveRequestTestTwo(CreateLeaveRequest2.java:113)
	at java.util.concurrent.ThreadPoolExecutor.runWorker(ThreadPoolExecutor.java:1142)
	at java.util.concurrent.ThreadPoolExecutor$Worker.run(ThreadPoolExecutor.java:617)
	at java.lang.Thread.run(Thread.java:748)
... Removed 14 stack frames]]>
    </failure>
  </testcase> <!-- CreateLeaveRequestTestTwo -->
  <testcase name="@AfterSuite afterSuite" time="0.0" classname="com.ibm.genericUtility.DriverBase">
    <ignored/>
  </testcase> <!-- @AfterSuite afterSuite -->
</testsuite> <!-- Test1 -->
